# JRE version: OpenJDK Runtime Environment JBR-11.0.12.7-1504.40-jcef (11.0.12+7) (build 11.0.12+7-b1504.40)
# Java VM: OpenJDK 64-Bit Server VM JBR-11.0.12.7-1504.40-jcef (11.0.12+7-b1504.40, mixed mode, tiered, compressed oops, g1 gc, windows-amd64)
Heap:
 garbage-first heap   total 63488K, used 48436K [0x00000000c2600000, 0x0000000100000000)
  region size 1024K, 29 young (29696K), 4 survivors (4096K)
 Metaspace       used 64352K, capacity 66148K, committed 66432K, reserved 1105920K
  class space    used 8339K, capacity 9034K, committed 9088K, reserved 1048576K
GC Heap History (20 events):
Event: 265.701 GC heap before
{Heap before GC invocations=12 (full 0):
 garbage-first heap   total 63488K, used 32500K [0x00000000c2600000, 0x0000000100000000)
  region size 1024K, 23 young (23552K), 3 survivors (3072K)
 Metaspace       used 34850K, capacity 35760K, committed 35840K, reserved 1081344K
  class space    used 4152K, capacity 4554K, committed 4608K, reserved 1048576K
}
Event: 265.712 GC heap after
{Heap after GC invocations=13 (full 0):
 garbage-first heap   total 63488K, used 14168K [0x00000000c2600000, 0x0000000100000000)
  region size 1024K, 4 young (4096K), 4 survivors (4096K)
 Metaspace       used 34850K, capacity 35760K, committed 35840K, reserved 1081344K
  class space    used 4152K, capacity 4554K, committed 4608K, reserved 1048576K
}
Event: 301.431 GC heap before
{Heap before GC invocations=14 (full 0):
 garbage-first heap   total 63488K, used 42840K [0x00000000c2600000, 0x0000000100000000)
  region size 1024K, 32 young (32768K), 4 survivors (4096K)
 Metaspace       used 39086K, capacity 40223K, committed 40320K, reserved 1085440K
  class space    used 4736K, capacity 5191K, committed 5248K, reserved 1048576K
}
Event: 301.443 GC heap after
{Heap after GC invocations=15 (full 0):
 garbage-first heap   total 63488K, used 16666K [0x00000000c2600000, 0x0000000100000000)
  region size 1024K, 4 young (4096K), 4 survivors (4096K)
 Metaspace       used 39086K, capacity 40223K, committed 40320K, reserved 1085440K
  class space    used 4736K, capacity 5191K, committed 5248K, reserved 1048576K
}
Event: 301.832 GC heap before
{Heap before GC invocations=15 (full 0):
 garbage-first heap   total 63488K, used 43290K [0x00000000c2600000, 0x0000000100000000)
  region size 1024K, 31 young (31744K), 4 survivors (4096K)
 Metaspace       used 39098K, capacity 40223K, committed 40320K, reserved 1085440K
  class space    used 4736K, capacity 5191K, committed 5248K, reserved 1048576K
}
Event: 301.842 GC heap after
{Heap after GC invocations=16 (full 0):
 garbage-first heap   total 63488K, used 17062K [0x00000000c2600000, 0x0000000100000000)
  region size 1024K, 1 young (1024K), 1 survivors (1024K)
 Metaspace       used 39098K, capacity 40223K, committed 40320K, reserved 1085440K
  class space    used 4736K, capacity 5191K, committed 5248K, reserved 1048576K
}
Event: 309.269 GC heap before
{Heap before GC invocations=16 (full 0):
 garbage-first heap   total 63488K, used 44710K [0x00000000c2600000, 0x0000000100000000)
  region size 1024K, 29 young (29696K), 1 survivors (1024K)
 Metaspace       used 39721K, capacity 40884K, committed 41216K, reserved 1085440K
  class space    used 4794K, capacity 5262K, committed 5376K, reserved 1048576K
}
Event: 309.271 GC heap after
{Heap after GC invocations=17 (full 0):
 garbage-first heap   total 63488K, used 16796K [0x00000000c2600000, 0x0000000100000000)
  region size 1024K, 1 young (1024K), 1 survivors (1024K)
 Metaspace       used 39721K, capacity 40884K, committed 41216K, reserved 1085440K
  class space    used 4794K, capacity 5262K, committed 5376K, reserved 1048576K
}
Event: 309.297 GC heap before
{Heap before GC invocations=17 (full 0):
 garbage-first heap   total 63488K, used 45468K [0x00000000c2600000, 0x0000000100000000)
  region size 1024K, 30 young (30720K), 1 survivors (1024K)
 Metaspace       used 39724K, capacity 40884K, committed 41216K, reserved 1085440K
  class space    used 4794K, capacity 5262K, committed 5376K, reserved 1048576K
}
Event: 309.298 GC heap after
{Heap after GC invocations=18 (full 0):
 garbage-first heap   total 63488K, used 16632K [0x00000000c2600000, 0x0000000100000000)
  region size 1024K, 1 young (1024K), 1 survivors (1024K)
 Metaspace       used 39724K, capacity 40884K, committed 41216K, reserved 1085440K
  class space    used 4794K, capacity 5262K, committed 5376K, reserved 1048576K
}
Event: 369.028 GC heap before
{Heap before GC invocations=18 (full 0):
 garbage-first heap   total 63488K, used 47352K [0x00000000c2600000, 0x0000000100000000)
  region size 1024K, 31 young (31744K), 1 survivors (1024K)
 Metaspace       used 43674K, capacity 44938K, committed 45056K, reserved 1089536K
  class space    used 5364K, capacity 5867K, committed 5888K, reserved 1048576K
}
Event: 369.033 GC heap after
{Heap after GC invocations=19 (full 0):
 garbage-first heap   total 63488K, used 17735K [0x00000000c2600000, 0x0000000100000000)
  region size 1024K, 2 young (2048K), 2 survivors (2048K)
 Metaspace       used 43674K, capacity 44938K, committed 45056K, reserved 1089536K
  class space    used 5364K, capacity 5867K, committed 5888K, reserved 1048576K
}
Event: 404.970 GC heap before
{Heap before GC invocations=19 (full 0):
 garbage-first heap   total 63488K, used 48455K [0x00000000c2600000, 0x0000000100000000)
  region size 1024K, 32 young (32768K), 2 survivors (2048K)
 Metaspace       used 50109K, capacity 51438K, committed 51712K, reserved 1093632K
  class space    used 6279K, capacity 6827K, committed 6912K, reserved 1048576K
}
Event: 404.977 GC heap after
{Heap after GC invocations=20 (full 0):
 garbage-first heap   total 63488K, used 20495K [0x00000000c2600000, 0x0000000100000000)
  region size 1024K, 4 young (4096K), 4 survivors (4096K)
 Metaspace       used 50109K, capacity 51438K, committed 51712K, reserved 1093632K
  class space    used 6279K, capacity 6827K, committed 6912K, reserved 1048576K
}
Event: 424.695 GC heap before
{Heap before GC invocations=20 (full 0):
 garbage-first heap   total 63488K, used 49167K [0x00000000c2600000, 0x0000000100000000)
  region size 1024K, 32 young (32768K), 4 survivors (4096K)
 Metaspace       used 56121K, capacity 57500K, committed 57728K, reserved 1099776K
  class space    used 7160K, capacity 7736K, committed 7808K, reserved 1048576K
}
Event: 424.705 GC heap after
{Heap after GC invocations=21 (full 0):
 garbage-first heap   total 63488K, used 22053K [0x00000000c2600000, 0x0000000100000000)
  region size 1024K, 2 young (2048K), 2 survivors (2048K)
 Metaspace       used 56121K, capacity 57500K, committed 57728K, reserved 1099776K
  class space    used 7160K, capacity 7736K, committed 7808K, reserved 1048576K
}
Event: 951.618 GC heap before
{Heap before GC invocations=21 (full 0):
 garbage-first heap   total 63488K, used 36389K [0x00000000c2600000, 0x0000000100000000)
  region size 1024K, 17 young (17408K), 2 survivors (2048K)
 Metaspace       used 58649K, capacity 60036K, committed 60160K, reserved 1101824K
  class space    used 7523K, capacity 8085K, committed 8192K, reserved 1048576K
}
Event: 951.786 GC heap after
{Heap after GC invocations=22 (full 0):
 garbage-first heap   total 63488K, used 22282K [0x00000000c2600000, 0x0000000100000000)
  region size 1024K, 2 young (2048K), 2 survivors (2048K)
 Metaspace       used 58649K, capacity 60036K, committed 60160K, reserved 1101824K
  class space    used 7523K, capacity 8085K, committed 8192K, reserved 1048576K
}
Event: 969.204 GC heap before
{Heap before GC invocations=23 (full 0):
 garbage-first heap   total 63488K, used 47882K [0x00000000c2600000, 0x0000000100000000)
  region size 1024K, 28 young (28672K), 2 survivors (2048K)
 Metaspace       used 62072K, capacity 63703K, committed 63744K, reserved 1103872K
  class space    used 8003K, capacity 8690K, committed 8704K, reserved 1048576K
}
Event: 969.212 GC heap after
{Heap after GC invocations=24 (full 0):
 garbage-first heap   total 63488K, used 23860K [0x00000000c2600000, 0x0000000100000000)
  region size 1024K, 4 young (4096K), 4 survivors (4096K)
 Metaspace       used 62072K, capacity 63703K, committed 63744K, reserved 1103872K
  class space    used 8003K, capacity 8690K, committed 8704K, reserved 1048576K
}

