# JRE version: OpenJDK Runtime Environment JBR-11.0.12.7-1504.40-jcef (11.0.12+7) (build 11.0.12+7-b1504.40)
# Java VM: OpenJDK 64-Bit Server VM JBR-11.0.12.7-1504.40-jcef (11.0.12+7-b1504.40, mixed mode, tiered, compressed oops, g1 gc, windows-amd64)
Heap:
 garbage-first heap   total 63488K, used 11508K [0x00000000c2600000, 0x0000000100000000)
  region size 1024K, 3 young (3072K), 3 survivors (3072K)
 Metaspace       used 27903K, capacity 28516K, committed 28672K, reserved 1083392K
  class space    used 3211K, capacity 3477K, committed 3584K, reserved 1048576K
GC Heap History (16 events):
Event: 13.894 GC heap before
{Heap before GC invocations=0 (full 0):
 garbage-first heap   total 63488K, used 14336K [0x00000000c2600000, 0x0000000100000000)
  region size 1024K, 14 young (14336K), 0 survivors (0K)
 Metaspace       used 9466K, capacity 9673K, committed 9984K, reserved 1058816K
  class space    used 862K, capacity 907K, committed 1024K, reserved 1048576K
}
Event: 13.901 GC heap after
{Heap after GC invocations=1 (full 0):
 garbage-first heap   total 63488K, used 6309K [0x00000000c2600000, 0x0000000100000000)
  region size 1024K, 2 young (2048K), 2 survivors (2048K)
 Metaspace       used 9466K, capacity 9673K, committed 9984K, reserved 1058816K
  class space    used 862K, capacity 907K, committed 1024K, reserved 1048576K
}
Event: 23.913 GC heap before
{Heap before GC invocations=1 (full 0):
 garbage-first heap   total 63488K, used 15525K [0x00000000c2600000, 0x0000000100000000)
  region size 1024K, 11 young (11264K), 2 survivors (2048K)
 Metaspace       used 11236K, capacity 11433K, committed 11648K, reserved 1060864K
  class space    used 1077K, capacity 1134K, committed 1152K, reserved 1048576K
}
Event: 23.917 GC heap after
{Heap after GC invocations=2 (full 0):
 garbage-first heap   total 63488K, used 6795K [0x00000000c2600000, 0x0000000100000000)
  region size 1024K, 1 young (1024K), 1 survivors (1024K)
 Metaspace       used 11236K, capacity 11433K, committed 11648K, reserved 1060864K
  class space    used 1077K, capacity 1134K, committed 1152K, reserved 1048576K
}
Event: 24.349 GC heap before
{Heap before GC invocations=2 (full 0):
 garbage-first heap   total 63488K, used 27275K [0x00000000c2600000, 0x0000000100000000)
  region size 1024K, 22 young (22528K), 1 survivors (1024K)
 Metaspace       used 11701K, capacity 11973K, committed 12288K, reserved 1060864K
  class space    used 1137K, capacity 1187K, committed 1280K, reserved 1048576K
}
Event: 24.352 GC heap after
{Heap after GC invocations=3 (full 0):
 garbage-first heap   total 63488K, used 7062K [0x00000000c2600000, 0x0000000100000000)
  region size 1024K, 1 young (1024K), 1 survivors (1024K)
 Metaspace       used 11701K, capacity 11973K, committed 12288K, reserved 1060864K
  class space    used 1137K, capacity 1187K, committed 1280K, reserved 1048576K
}
Event: 26.081 GC heap before
{Heap before GC invocations=3 (full 0):
 garbage-first heap   total 63488K, used 31638K [0x00000000c2600000, 0x0000000100000000)
  region size 1024K, 26 young (26624K), 1 survivors (1024K)
 Metaspace       used 12985K, capacity 13283K, committed 13440K, reserved 1060864K
  class space    used 1287K, capacity 1349K, committed 1408K, reserved 1048576K
}
Event: 26.083 GC heap after
{Heap after GC invocations=4 (full 0):
 garbage-first heap   total 63488K, used 7355K [0x00000000c2600000, 0x0000000100000000)
  region size 1024K, 1 young (1024K), 1 survivors (1024K)
 Metaspace       used 12985K, capacity 13283K, committed 13440K, reserved 1060864K
  class space    used 1287K, capacity 1349K, committed 1408K, reserved 1048576K
}
Event: 39.838 GC heap before
{Heap before GC invocations=4 (full 0):
 garbage-first heap   total 63488K, used 43195K [0x00000000c2600000, 0x0000000100000000)
  region size 1024K, 36 young (36864K), 1 survivors (1024K)
 Metaspace       used 20038K, capacity 20541K, committed 20608K, reserved 1067008K
  class space    used 2218K, capacity 2416K, committed 2432K, reserved 1048576K
}
Event: 39.846 GC heap after
{Heap after GC invocations=5 (full 0):
 garbage-first heap   total 63488K, used 9094K [0x00000000c2600000, 0x0000000100000000)
  region size 1024K, 3 young (3072K), 3 survivors (3072K)
 Metaspace       used 20038K, capacity 20541K, committed 20608K, reserved 1067008K
  class space    used 2218K, capacity 2416K, committed 2432K, reserved 1048576K
}
Event: 40.820 GC heap before
{Heap before GC invocations=5 (full 0):
 garbage-first heap   total 63488K, used 13190K [0x00000000c2600000, 0x0000000100000000)
  region size 1024K, 8 young (8192K), 3 survivors (3072K)
 Metaspace       used 20697K, capacity 21159K, committed 21248K, reserved 1069056K
  class space    used 2302K, capacity 2494K, committed 2560K, reserved 1048576K
}
Event: 40.826 GC heap after
{Heap after GC invocations=6 (full 0):
 garbage-first heap   total 63488K, used 9448K [0x00000000c2600000, 0x0000000100000000)
  region size 1024K, 3 young (3072K), 3 survivors (3072K)
 Metaspace       used 20697K, capacity 21159K, committed 21248K, reserved 1069056K
  class space    used 2302K, capacity 2494K, committed 2560K, reserved 1048576K
}
Event: 44.055 GC heap before
{Heap before GC invocations=7 (full 0):
 garbage-first heap   total 63488K, used 36072K [0x00000000c2600000, 0x0000000100000000)
  region size 1024K, 30 young (30720K), 3 survivors (3072K)
 Metaspace       used 24350K, capacity 24926K, committed 25216K, reserved 1071104K
  class space    used 2857K, capacity 3092K, committed 3200K, reserved 1048576K
}
Event: 44.061 GC heap after
{Heap after GC invocations=8 (full 0):
 garbage-first heap   total 63488K, used 10399K [0x00000000c2600000, 0x0000000100000000)
  region size 1024K, 3 young (3072K), 3 survivors (3072K)
 Metaspace       used 24350K, capacity 24926K, committed 25216K, reserved 1071104K
  class space    used 2857K, capacity 3092K, committed 3200K, reserved 1048576K
}
Event: 46.147 GC heap before
{Heap before GC invocations=8 (full 0):
 garbage-first heap   total 63488K, used 38047K [0x00000000c2600000, 0x0000000100000000)
  region size 1024K, 31 young (31744K), 3 survivors (3072K)
 Metaspace       used 25445K, capacity 26079K, committed 26240K, reserved 1073152K
  class space    used 2952K, capacity 3199K, committed 3200K, reserved 1048576K
}
Event: 46.153 GC heap after
{Heap after GC invocations=9 (full 0):
 garbage-first heap   total 63488K, used 10958K [0x00000000c2600000, 0x0000000100000000)
  region size 1024K, 2 young (2048K), 2 survivors (2048K)
 Metaspace       used 25445K, capacity 26079K, committed 26240K, reserved 1073152K
  class space    used 2952K, capacity 3199K, committed 3200K, reserved 1048576K
}

